2021-12-30 19:50:21.131 - pysb - INFO - Logging started on PySB version 1.11.0
2021-12-30 19:50:21.133 - pysb - INFO - Log entry time offset from UTC: -6.00 hours
2021-12-30 21:25:03.646 - pysb.simulator.scipyode - DEBUG - [model_files.nerm_pvals] Simulator created
2021-12-30 21:25:04.320 - pysb.simulator.scipyode - DEBUG - [model_files.nerm_pvals] Equation mode set to "cython"
2021-12-30 21:25:04.445 - pysb.simulator.scipyode - INFO - [model_files.nerm_pvals] Simulation(s) started
2021-12-30 21:25:04.652 - pysb.simulator.scipyode - DEBUG - [model_files.nerm_pvals] Multi-processor (parallel) mode using 20 processes
2021-12-30 21:25:04.832 - pysb.simulator.scipyode - INFO - [model_files.nerm_pvals] All simulation(s) complete
2021-12-30 21:25:04.834 - pysb.simulator.scipyode - DEBUG - [model_files.nerm_pvals] SimulationResult constructor started
2021-12-30 21:25:04.897 - pysb.simulator.scipyode - DEBUG - [model_files.nerm_pvals] SimulationResult constructor finished
2021-12-30 21:25:31.096 - pysb.simulator.scipyode - DEBUG - [model_files.nerm_pvals] Simulator created
2021-12-30 21:25:31.108 - pysb.simulator.scipyode - DEBUG - [model_files.nerm_pvals] Equation mode set to "cython"
2021-12-30 21:25:31.179 - pysb.simulator.scipyode - INFO - [model_files.nerm_pvals] Simulation(s) started
2021-12-30 21:25:31.395 - pysb.simulator.scipyode - DEBUG - [model_files.nerm_pvals] Multi-processor (parallel) mode using 20 processes
2021-12-30 21:27:02.983 - pysb.simulator.scipyode - INFO - [model_files.nerm_pvals] All simulation(s) complete
2021-12-30 21:27:02.985 - pysb.simulator.scipyode - DEBUG - [model_files.nerm_pvals] SimulationResult constructor started
2021-12-30 21:27:04.524 - pysb.simulator.scipyode - DEBUG - [model_files.nerm_pvals] SimulationResult constructor finished
2021-12-30 21:27:53.868 - pysb.simulator.scipyode - DEBUG - [model_files.nerm_pvals] Simulator created
2021-12-30 21:27:53.879 - pysb.simulator.scipyode - DEBUG - [model_files.nerm_pvals] Equation mode set to "cython"
2021-12-30 21:27:53.947 - pysb.simulator.scipyode - INFO - [model_files.nerm_pvals] Simulation(s) started
2021-12-30 21:27:54.216 - pysb.simulator.scipyode - DEBUG - [model_files.nerm_pvals] Multi-processor (parallel) mode using 20 processes
2021-12-30 21:29:31.599 - pysb.simulator.scipyode - INFO - [model_files.nerm_pvals] All simulation(s) complete
2021-12-30 21:29:31.600 - pysb.simulator.scipyode - DEBUG - [model_files.nerm_pvals] SimulationResult constructor started
2021-12-30 21:29:33.037 - pysb.simulator.scipyode - DEBUG - [model_files.nerm_pvals] SimulationResult constructor finished
2021-12-30 21:29:51.942 - pysb.simulator.scipyode - DEBUG - [model_files.nerm_pvals] Simulator created
2021-12-30 21:29:51.954 - pysb.simulator.scipyode - DEBUG - [model_files.nerm_pvals] Equation mode set to "cython"
2021-12-30 21:29:52.024 - pysb.simulator.scipyode - INFO - [model_files.nerm_pvals] Simulation(s) started
2021-12-30 21:29:52.083 - pysb.simulator.scipyode - DEBUG - [model_files.nerm_pvals] Multi-processor (parallel) mode using 20 processes
2021-12-30 21:29:53.052 - pysb.simulator.scipyode - INFO - [model_files.nerm_pvals] All simulation(s) complete
2021-12-30 21:29:53.053 - pysb.simulator.scipyode - DEBUG - [model_files.nerm_pvals] SimulationResult constructor started
2021-12-30 21:29:53.110 - pysb.simulator.scipyode - DEBUG - [model_files.nerm_pvals] SimulationResult constructor finished
2021-12-30 21:31:08.442 - pysb - INFO - Logging started on PySB version 1.11.0
2021-12-30 21:31:08.443 - pysb - INFO - Log entry time offset from UTC: -6.00 hours
2021-12-30 21:31:54.332 - pysb - INFO - Logging started on PySB version 1.11.0
2021-12-30 21:31:54.333 - pysb - INFO - Log entry time offset from UTC: -6.00 hours
2021-12-30 21:31:57.700 - pysb.simulator.scipyode - DEBUG - [model_files.nerm_pvals] Simulator created
2021-12-30 21:31:58.557 - pysb.simulator.scipyode - DEBUG - [model_files.nerm_pvals] Simulator created
2021-12-30 21:31:58.562 - pysb.simulator.scipyode - DEBUG - [model_files.nerm_pvals] Equation mode set to "cython"
2021-12-30 21:31:59.093 - pysb.simulator.scipyode - INFO - [model_files.nerm_pvals] Simulation(s) started
2021-12-30 21:31:59.135 - pysb.simulator.scipyode - DEBUG - [model_files.nerm_pvals] Single processor (serial) mode
2021-12-30 21:31:59.241 - pysb.simulator.scipyode - INFO - [model_files.nerm_pvals] All simulation(s) complete
2021-12-30 21:31:59.242 - pysb.simulator.scipyode - DEBUG - [model_files.nerm_pvals] SimulationResult constructor started
2021-12-30 21:31:59.276 - pysb.simulator.scipyode - DEBUG - [model_files.nerm_pvals] SimulationResult constructor finished
2021-12-30 21:31:59.276 - pysb.simulator.scipyode - INFO - [model_files.nerm_pvals] Simulation(s) started
2021-12-30 21:31:59.418 - pysb.simulator.scipyode - DEBUG - [model_files.nerm_pvals] Multi-processor (parallel) mode using 20 processes
2021-12-30 21:33:57.271 - pysb.simulator.scipyode - INFO - [model_files.nerm_pvals] All simulation(s) complete
2021-12-30 21:33:57.273 - pysb.simulator.scipyode - DEBUG - [model_files.nerm_pvals] SimulationResult constructor started
2021-12-30 21:33:58.235 - pysb.simulator.scipyode - DEBUG - [model_files.nerm_pvals] SimulationResult constructor finished
2021-12-30 21:38:26.647 - pysb - INFO - Logging started on PySB version 1.11.0
2021-12-30 21:38:26.649 - pysb - INFO - Log entry time offset from UTC: -6.00 hours
2021-12-30 21:38:29.592 - pysb.simulator.scipyode - DEBUG - [model_files.nerm_pvals] Simulator created
2021-12-30 21:38:30.885 - pysb.simulator.scipyode - DEBUG - [model_files.nerm_pvals] Simulator created
2021-12-30 21:38:31.173 - pysb.simulator.scipyode - DEBUG - [model_files.nerm_pvals] Equation mode set to "cython"
2021-12-30 21:38:31.692 - pysb.simulator.scipyode - INFO - [model_files.nerm_pvals] Simulation(s) started
2021-12-30 21:38:31.734 - pysb.simulator.scipyode - DEBUG - [model_files.nerm_pvals] Single processor (serial) mode
2021-12-30 21:38:31.923 - pysb.simulator.scipyode - INFO - [model_files.nerm_pvals] All simulation(s) complete
2021-12-30 21:38:31.924 - pysb.simulator.scipyode - DEBUG - [model_files.nerm_pvals] SimulationResult constructor started
2021-12-30 21:38:31.976 - pysb.simulator.scipyode - DEBUG - [model_files.nerm_pvals] SimulationResult constructor finished
2021-12-30 21:38:31.977 - pysb.simulator.scipyode - INFO - [model_files.nerm_pvals] Simulation(s) started
2021-12-30 21:38:32.120 - pysb.simulator.scipyode - DEBUG - [model_files.nerm_pvals] Multi-processor (parallel) mode using 20 processes
2021-12-30 21:40:25.145 - pysb.simulator.scipyode - INFO - [model_files.nerm_pvals] All simulation(s) complete
2021-12-30 21:40:25.147 - pysb.simulator.scipyode - DEBUG - [model_files.nerm_pvals] SimulationResult constructor started
2021-12-30 21:40:26.214 - pysb.simulator.scipyode - DEBUG - [model_files.nerm_pvals] SimulationResult constructor finished
2021-12-30 21:41:58.361 - pysb.simulator.scipyode - DEBUG - [model_files.nerm_pvals] Simulator created
2021-12-30 21:41:58.379 - pysb.simulator.scipyode - DEBUG - [model_files.nerm_pvals] Equation mode set to "cython"
2021-12-30 21:42:08.471 - pysb.simulator.scipyode - DEBUG - [model_files.nerm_pvals] Simulator created
2021-12-30 21:42:08.483 - pysb.simulator.scipyode - DEBUG - [model_files.nerm_pvals] Equation mode set to "cython"
2021-12-30 21:42:12.401 - pysb.simulator.scipyode - DEBUG - [model_files.nerm_pvals] Simulator created
2021-12-30 21:42:12.412 - pysb.simulator.scipyode - DEBUG - [model_files.nerm_pvals] Equation mode set to "cython"
2021-12-30 21:42:23.952 - pysb.simulator.scipyode - DEBUG - [model_files.nerm_pvals] Simulator created
2021-12-30 21:42:23.963 - pysb.simulator.scipyode - DEBUG - [model_files.nerm_pvals] Equation mode set to "cython"
2021-12-30 21:42:24.031 - pysb.simulator.scipyode - INFO - [model_files.nerm_pvals] Simulation(s) started
2021-12-30 21:42:24.185 - pysb.simulator.scipyode - DEBUG - [model_files.nerm_pvals] Multi-processor (parallel) mode using 20 processes
2021-12-30 21:43:52.565 - pysb.simulator.scipyode - INFO - [model_files.nerm_pvals] All simulation(s) complete
2021-12-30 21:43:52.568 - pysb.simulator.scipyode - DEBUG - [model_files.nerm_pvals] SimulationResult constructor started
2021-12-30 21:43:54.007 - pysb.simulator.scipyode - DEBUG - [model_files.nerm_pvals] SimulationResult constructor finished
2021-12-30 21:45:17.151 - pysb.simulator.scipyode - DEBUG - [model_files.nerm_pvals] Simulator created
2021-12-30 21:45:17.162 - pysb.simulator.scipyode - DEBUG - [model_files.nerm_pvals] Equation mode set to "cython"
2021-12-30 21:45:17.231 - pysb.simulator.scipyode - INFO - [model_files.nerm_pvals] Simulation(s) started
2021-12-30 21:45:17.291 - pysb.simulator.scipyode - DEBUG - [model_files.nerm_pvals] Multi-processor (parallel) mode using 20 processes
2021-12-30 21:45:17.989 - pysb.simulator.scipyode - INFO - [model_files.nerm_pvals] All simulation(s) complete
2021-12-30 21:45:17.990 - pysb.simulator.scipyode - DEBUG - [model_files.nerm_pvals] SimulationResult constructor started
2021-12-30 21:45:18.059 - pysb.simulator.scipyode - DEBUG - [model_files.nerm_pvals] SimulationResult constructor finished
2021-12-30 21:45:34.597 - pysb.simulator.scipyode - DEBUG - [model_files.nerm_pvals] Simulator created
2021-12-30 21:45:34.608 - pysb.simulator.scipyode - DEBUG - [model_files.nerm_pvals] Equation mode set to "cython"
2021-12-30 21:45:34.679 - pysb.simulator.scipyode - INFO - [model_files.nerm_pvals] Simulation(s) started
2021-12-30 21:45:34.740 - pysb.simulator.scipyode - DEBUG - [model_files.nerm_pvals] Multi-processor (parallel) mode using 20 processes
2021-12-30 21:45:35.518 - pysb.simulator.scipyode - INFO - [model_files.nerm_pvals] All simulation(s) complete
2021-12-30 21:45:35.520 - pysb.simulator.scipyode - DEBUG - [model_files.nerm_pvals] SimulationResult constructor started
2021-12-30 21:45:35.579 - pysb.simulator.scipyode - DEBUG - [model_files.nerm_pvals] SimulationResult constructor finished
2021-12-30 21:45:44.095 - pysb.simulator.scipyode - DEBUG - [model_files.nerm_pvals] Simulator created
2021-12-30 21:45:44.106 - pysb.simulator.scipyode - DEBUG - [model_files.nerm_pvals] Equation mode set to "cython"
2021-12-30 21:45:44.175 - pysb.simulator.scipyode - INFO - [model_files.nerm_pvals] Simulation(s) started
2021-12-30 21:45:44.237 - pysb.simulator.scipyode - DEBUG - [model_files.nerm_pvals] Multi-processor (parallel) mode using 20 processes
2021-12-30 21:45:44.921 - pysb.simulator.scipyode - INFO - [model_files.nerm_pvals] All simulation(s) complete
2021-12-30 21:45:44.922 - pysb.simulator.scipyode - DEBUG - [model_files.nerm_pvals] SimulationResult constructor started
2021-12-30 21:45:44.978 - pysb.simulator.scipyode - DEBUG - [model_files.nerm_pvals] SimulationResult constructor finished
2021-12-30 21:49:53.651 - pysb.simulator.scipyode - DEBUG - [model_files.nerm_pvals] Simulator created
2021-12-30 21:49:53.663 - pysb.simulator.scipyode - DEBUG - [model_files.nerm_pvals] Equation mode set to "cython"
2021-12-30 21:49:53.732 - pysb.simulator.scipyode - INFO - [model_files.nerm_pvals] Simulation(s) started
2021-12-30 21:49:53.793 - pysb.simulator.scipyode - DEBUG - [model_files.nerm_pvals] Multi-processor (parallel) mode using 20 processes
2021-12-30 21:49:54.441 - pysb.simulator.scipyode - INFO - [model_files.nerm_pvals] All simulation(s) complete
2021-12-30 21:49:54.443 - pysb.simulator.scipyode - DEBUG - [model_files.nerm_pvals] SimulationResult constructor started
2021-12-30 21:49:54.490 - pysb.simulator.scipyode - DEBUG - [model_files.nerm_pvals] SimulationResult constructor finished
2021-12-30 21:50:02.796 - pysb.simulator.scipyode - DEBUG - [model_files.nerm_pvals] Simulator created
2021-12-30 21:50:02.807 - pysb.simulator.scipyode - DEBUG - [model_files.nerm_pvals] Equation mode set to "cython"
2021-12-30 21:50:02.876 - pysb.simulator.scipyode - INFO - [model_files.nerm_pvals] Simulation(s) started
2021-12-30 21:50:02.937 - pysb.simulator.scipyode - DEBUG - [model_files.nerm_pvals] Multi-processor (parallel) mode using 20 processes
2021-12-30 21:50:03.592 - pysb.simulator.scipyode - INFO - [model_files.nerm_pvals] All simulation(s) complete
2021-12-30 21:50:03.594 - pysb.simulator.scipyode - DEBUG - [model_files.nerm_pvals] SimulationResult constructor started
2021-12-30 21:50:03.632 - pysb.simulator.scipyode - DEBUG - [model_files.nerm_pvals] SimulationResult constructor finished
2021-12-30 21:50:11.322 - pysb.simulator.scipyode - DEBUG - [model_files.nerm_pvals] Simulator created
2021-12-30 21:50:11.333 - pysb.simulator.scipyode - DEBUG - [model_files.nerm_pvals] Equation mode set to "cython"
2021-12-30 21:50:11.405 - pysb.simulator.scipyode - INFO - [model_files.nerm_pvals] Simulation(s) started
2021-12-30 21:50:11.468 - pysb.simulator.scipyode - DEBUG - [model_files.nerm_pvals] Multi-processor (parallel) mode using 20 processes
2021-12-30 21:50:12.175 - pysb.simulator.scipyode - INFO - [model_files.nerm_pvals] All simulation(s) complete
2021-12-30 21:50:12.176 - pysb.simulator.scipyode - DEBUG - [model_files.nerm_pvals] SimulationResult constructor started
2021-12-30 21:50:12.239 - pysb.simulator.scipyode - DEBUG - [model_files.nerm_pvals] SimulationResult constructor finished
2021-12-30 21:50:42.813 - pysb - INFO - Logging started on PySB version 1.11.0
2021-12-30 21:50:42.814 - pysb - INFO - Log entry time offset from UTC: -6.00 hours
2021-12-30 21:50:55.340 - pysb.simulator.scipyode - DEBUG - [model_files.nerm_pvals] Simulator created
2021-12-30 21:50:56.026 - pysb.simulator.scipyode - DEBUG - [model_files.nerm_pvals] Simulator created
2021-12-30 21:50:56.030 - pysb.simulator.scipyode - DEBUG - [model_files.nerm_pvals] Equation mode set to "cython"
2021-12-30 21:50:56.552 - pysb.simulator.scipyode - INFO - [model_files.nerm_pvals] Simulation(s) started
2021-12-30 21:50:56.596 - pysb.simulator.scipyode - DEBUG - [model_files.nerm_pvals] Single processor (serial) mode
2021-12-30 21:50:56.674 - pysb.simulator.scipyode - INFO - [model_files.nerm_pvals] All simulation(s) complete
2021-12-30 21:50:56.675 - pysb.simulator.scipyode - DEBUG - [model_files.nerm_pvals] SimulationResult constructor started
2021-12-30 21:50:56.709 - pysb.simulator.scipyode - DEBUG - [model_files.nerm_pvals] SimulationResult constructor finished
2021-12-30 21:50:56.710 - pysb.simulator.scipyode - INFO - [model_files.nerm_pvals] Simulation(s) started
2021-12-30 21:50:56.849 - pysb.simulator.scipyode - DEBUG - [model_files.nerm_pvals] Multi-processor (parallel) mode using 20 processes
2021-12-30 21:52:54.692 - pysb.simulator.scipyode - INFO - [model_files.nerm_pvals] All simulation(s) complete
2021-12-30 21:52:54.695 - pysb.simulator.scipyode - DEBUG - [model_files.nerm_pvals] SimulationResult constructor started
2021-12-30 21:52:55.701 - pysb.simulator.scipyode - DEBUG - [model_files.nerm_pvals] SimulationResult constructor finished
2021-12-30 21:54:04.691 - pysb.simulator.scipyode - DEBUG - [model_files.nerm_pvals] Simulator created
2021-12-30 21:54:04.703 - pysb.simulator.scipyode - DEBUG - [model_files.nerm_pvals] Equation mode set to "cython"
2021-12-30 21:54:04.775 - pysb.simulator.scipyode - INFO - [model_files.nerm_pvals] Simulation(s) started
2021-12-30 21:54:04.837 - pysb.simulator.scipyode - DEBUG - [model_files.nerm_pvals] Multi-processor (parallel) mode using 20 processes
2021-12-30 21:54:05.537 - pysb.simulator.scipyode - INFO - [model_files.nerm_pvals] All simulation(s) complete
2021-12-30 21:54:05.539 - pysb.simulator.scipyode - DEBUG - [model_files.nerm_pvals] SimulationResult constructor started
2021-12-30 21:54:05.594 - pysb.simulator.scipyode - DEBUG - [model_files.nerm_pvals] SimulationResult constructor finished
2021-12-30 21:54:25.990 - pysb - INFO - Logging started on PySB version 1.11.0
2021-12-30 21:54:25.991 - pysb - INFO - Log entry time offset from UTC: -6.00 hours
2021-12-30 21:54:36.605 - pysb.simulator.scipyode - DEBUG - [model_files.nerm_pvals] Simulator created
2021-12-30 21:54:37.286 - pysb.simulator.scipyode - DEBUG - [model_files.nerm_pvals] Simulator created
2021-12-30 21:54:37.290 - pysb.simulator.scipyode - DEBUG - [model_files.nerm_pvals] Equation mode set to "cython"
2021-12-30 21:54:37.811 - pysb.simulator.scipyode - INFO - [model_files.nerm_pvals] Simulation(s) started
2021-12-30 21:54:37.854 - pysb.simulator.scipyode - DEBUG - [model_files.nerm_pvals] Single processor (serial) mode
2021-12-30 21:54:37.933 - pysb.simulator.scipyode - INFO - [model_files.nerm_pvals] All simulation(s) complete
2021-12-30 21:54:37.934 - pysb.simulator.scipyode - DEBUG - [model_files.nerm_pvals] SimulationResult constructor started
2021-12-30 21:54:37.969 - pysb.simulator.scipyode - DEBUG - [model_files.nerm_pvals] SimulationResult constructor finished
2021-12-30 21:54:37.971 - pysb.simulator.scipyode - INFO - [model_files.nerm_pvals] Simulation(s) started
2021-12-30 21:54:38.110 - pysb.simulator.scipyode - DEBUG - [model_files.nerm_pvals] Multi-processor (parallel) mode using 20 processes
2021-12-30 21:56:31.754 - pysb.simulator.scipyode - INFO - [model_files.nerm_pvals] All simulation(s) complete
2021-12-30 21:56:31.756 - pysb.simulator.scipyode - DEBUG - [model_files.nerm_pvals] SimulationResult constructor started
2021-12-30 21:56:32.726 - pysb.simulator.scipyode - DEBUG - [model_files.nerm_pvals] SimulationResult constructor finished
2021-12-30 21:58:44.432 - pysb.simulator.scipyode - DEBUG - [model_files.nerm_pvals] Simulator created
2021-12-30 21:58:44.444 - pysb.simulator.scipyode - DEBUG - [model_files.nerm_pvals] Equation mode set to "cython"
2021-12-30 21:58:44.515 - pysb.simulator.scipyode - INFO - [model_files.nerm_pvals] Simulation(s) started
2021-12-30 21:58:44.575 - pysb.simulator.scipyode - DEBUG - [model_files.nerm_pvals] Multi-processor (parallel) mode using 20 processes
2021-12-30 21:58:45.205 - pysb.simulator.scipyode - INFO - [model_files.nerm_pvals] All simulation(s) complete
2021-12-30 21:58:45.207 - pysb.simulator.scipyode - DEBUG - [model_files.nerm_pvals] SimulationResult constructor started
2021-12-30 21:58:45.283 - pysb.simulator.scipyode - DEBUG - [model_files.nerm_pvals] SimulationResult constructor finished
2021-12-30 21:58:49.571 - pysb.simulator.scipyode - DEBUG - [model_files.nerm_pvals] Simulator created
2021-12-30 21:58:49.582 - pysb.simulator.scipyode - DEBUG - [model_files.nerm_pvals] Equation mode set to "cython"
2021-12-30 21:58:49.658 - pysb.simulator.scipyode - INFO - [model_files.nerm_pvals] Simulation(s) started
2021-12-30 21:58:49.719 - pysb.simulator.scipyode - DEBUG - [model_files.nerm_pvals] Multi-processor (parallel) mode using 20 processes
2021-12-30 21:58:50.364 - pysb.simulator.scipyode - INFO - [model_files.nerm_pvals] All simulation(s) complete
2021-12-30 21:58:50.366 - pysb.simulator.scipyode - DEBUG - [model_files.nerm_pvals] SimulationResult constructor started
2021-12-30 21:58:50.435 - pysb.simulator.scipyode - DEBUG - [model_files.nerm_pvals] SimulationResult constructor finished
2021-12-30 21:58:55.005 - pysb.simulator.scipyode - DEBUG - [model_files.nerm_pvals] Simulator created
2021-12-30 21:58:55.017 - pysb.simulator.scipyode - DEBUG - [model_files.nerm_pvals] Equation mode set to "cython"
2021-12-30 21:58:55.086 - pysb.simulator.scipyode - INFO - [model_files.nerm_pvals] Simulation(s) started
2021-12-30 21:58:55.149 - pysb.simulator.scipyode - DEBUG - [model_files.nerm_pvals] Multi-processor (parallel) mode using 20 processes
2021-12-30 21:58:55.830 - pysb.simulator.scipyode - INFO - [model_files.nerm_pvals] All simulation(s) complete
2021-12-30 21:58:55.831 - pysb.simulator.scipyode - DEBUG - [model_files.nerm_pvals] SimulationResult constructor started
2021-12-30 21:58:55.903 - pysb.simulator.scipyode - DEBUG - [model_files.nerm_pvals] SimulationResult constructor finished
2021-12-30 21:59:00.598 - pysb.simulator.scipyode - DEBUG - [model_files.nerm_pvals] Simulator created
2021-12-30 21:59:00.609 - pysb.simulator.scipyode - DEBUG - [model_files.nerm_pvals] Equation mode set to "cython"
2021-12-30 21:59:00.678 - pysb.simulator.scipyode - INFO - [model_files.nerm_pvals] Simulation(s) started
2021-12-30 21:59:00.739 - pysb.simulator.scipyode - DEBUG - [model_files.nerm_pvals] Multi-processor (parallel) mode using 20 processes
2021-12-30 21:59:01.374 - pysb.simulator.scipyode - INFO - [model_files.nerm_pvals] All simulation(s) complete
2021-12-30 21:59:01.376 - pysb.simulator.scipyode - DEBUG - [model_files.nerm_pvals] SimulationResult constructor started
2021-12-30 21:59:01.447 - pysb.simulator.scipyode - DEBUG - [model_files.nerm_pvals] SimulationResult constructor finished
2021-12-30 21:59:05.397 - pysb.simulator.scipyode - DEBUG - [model_files.nerm_pvals] Simulator created
2021-12-30 21:59:05.409 - pysb.simulator.scipyode - DEBUG - [model_files.nerm_pvals] Equation mode set to "cython"
2021-12-30 21:59:09.435 - pysb.simulator.scipyode - DEBUG - [model_files.nerm_pvals] Simulator created
2021-12-30 21:59:09.446 - pysb.simulator.scipyode - DEBUG - [model_files.nerm_pvals] Equation mode set to "cython"
2021-12-30 21:59:09.515 - pysb.simulator.scipyode - INFO - [model_files.nerm_pvals] Simulation(s) started
2021-12-30 21:59:09.576 - pysb.simulator.scipyode - DEBUG - [model_files.nerm_pvals] Multi-processor (parallel) mode using 20 processes
2021-12-30 21:59:10.214 - pysb.simulator.scipyode - INFO - [model_files.nerm_pvals] All simulation(s) complete
2021-12-30 21:59:10.215 - pysb.simulator.scipyode - DEBUG - [model_files.nerm_pvals] SimulationResult constructor started
2021-12-30 21:59:10.251 - pysb.simulator.scipyode - DEBUG - [model_files.nerm_pvals] SimulationResult constructor finished
2021-12-30 21:59:33.724 - pysb - INFO - Logging started on PySB version 1.11.0
2021-12-30 21:59:33.725 - pysb - INFO - Log entry time offset from UTC: -6.00 hours
2021-12-30 21:59:44.128 - pysb.simulator.scipyode - DEBUG - [model_files.nerm_pvals] Simulator created
2021-12-30 21:59:44.827 - pysb.simulator.scipyode - DEBUG - [model_files.nerm_pvals] Simulator created
2021-12-30 21:59:44.832 - pysb.simulator.scipyode - DEBUG - [model_files.nerm_pvals] Equation mode set to "cython"
2021-12-30 21:59:45.353 - pysb.simulator.scipyode - INFO - [model_files.nerm_pvals] Simulation(s) started
2021-12-30 21:59:45.396 - pysb.simulator.scipyode - DEBUG - [model_files.nerm_pvals] Single processor (serial) mode
2021-12-30 21:59:45.462 - pysb.simulator.scipyode - INFO - [model_files.nerm_pvals] All simulation(s) complete
2021-12-30 21:59:45.462 - pysb.simulator.scipyode - DEBUG - [model_files.nerm_pvals] SimulationResult constructor started
2021-12-30 21:59:45.497 - pysb.simulator.scipyode - DEBUG - [model_files.nerm_pvals] SimulationResult constructor finished
2021-12-30 21:59:45.498 - pysb.simulator.scipyode - INFO - [model_files.nerm_pvals] Simulation(s) started
2021-12-30 21:59:45.644 - pysb.simulator.scipyode - DEBUG - [model_files.nerm_pvals] Multi-processor (parallel) mode using 20 processes
2021-12-30 22:01:36.756 - pysb.simulator.scipyode - INFO - [model_files.nerm_pvals] All simulation(s) complete
2021-12-30 22:01:36.759 - pysb.simulator.scipyode - DEBUG - [model_files.nerm_pvals] SimulationResult constructor started
2021-12-30 22:01:37.737 - pysb.simulator.scipyode - DEBUG - [model_files.nerm_pvals] SimulationResult constructor finished
2021-12-30 22:07:05.413 - pysb.simulator.scipyode - DEBUG - [model_files.nerm_pvals] Simulator created
2021-12-30 22:07:05.424 - pysb.simulator.scipyode - DEBUG - [model_files.nerm_pvals] Equation mode set to "cython"
2021-12-30 22:07:05.491 - pysb.simulator.scipyode - INFO - [model_files.nerm_pvals] Simulation(s) started
2021-12-30 22:07:05.550 - pysb.simulator.scipyode - DEBUG - [model_files.nerm_pvals] Multi-processor (parallel) mode using 20 processes
2021-12-30 22:07:06.187 - pysb.simulator.scipyode - INFO - [model_files.nerm_pvals] All simulation(s) complete
2021-12-30 22:07:06.189 - pysb.simulator.scipyode - DEBUG - [model_files.nerm_pvals] SimulationResult constructor started
2021-12-30 22:07:06.237 - pysb.simulator.scipyode - DEBUG - [model_files.nerm_pvals] SimulationResult constructor finished
2021-12-30 22:07:26.736 - pysb - INFO - Logging started on PySB version 1.11.0
2021-12-30 22:07:26.738 - pysb - INFO - Log entry time offset from UTC: -6.00 hours
2021-12-30 22:07:37.518 - pysb.simulator.scipyode - DEBUG - [model_files.nerm_pvals] Simulator created
2021-12-30 22:07:38.210 - pysb.simulator.scipyode - DEBUG - [model_files.nerm_pvals] Simulator created
2021-12-30 22:07:38.215 - pysb.simulator.scipyode - DEBUG - [model_files.nerm_pvals] Equation mode set to "cython"
2021-12-30 22:07:38.740 - pysb.simulator.scipyode - INFO - [model_files.nerm_pvals] Simulation(s) started
2021-12-30 22:07:38.783 - pysb.simulator.scipyode - DEBUG - [model_files.nerm_pvals] Single processor (serial) mode
2021-12-30 22:07:38.868 - pysb.simulator.scipyode - INFO - [model_files.nerm_pvals] All simulation(s) complete
2021-12-30 22:07:38.869 - pysb.simulator.scipyode - DEBUG - [model_files.nerm_pvals] SimulationResult constructor started
2021-12-30 22:07:38.998 - pysb.simulator.scipyode - DEBUG - [model_files.nerm_pvals] SimulationResult constructor finished
2021-12-30 22:07:38.999 - pysb.simulator.scipyode - INFO - [model_files.nerm_pvals] Simulation(s) started
2021-12-30 22:07:39.139 - pysb.simulator.scipyode - DEBUG - [model_files.nerm_pvals] Multi-processor (parallel) mode using 20 processes
2021-12-30 22:09:31.294 - pysb.simulator.scipyode - INFO - [model_files.nerm_pvals] All simulation(s) complete
2021-12-30 22:09:31.297 - pysb.simulator.scipyode - DEBUG - [model_files.nerm_pvals] SimulationResult constructor started
2021-12-30 22:09:32.261 - pysb.simulator.scipyode - DEBUG - [model_files.nerm_pvals] SimulationResult constructor finished
