2022-01-13 14:17:15.438 - pysb - INFO - Logging started on PySB version 1.11.0
2022-01-13 14:17:15.440 - pysb - INFO - Log entry time offset from UTC: -6.00 hours
2022-01-13 14:17:15.452 - pysb.simulator.scipyode - DEBUG - [model_files.nerm_pvals_inits] Simulator created
2022-01-13 14:17:15.463 - pysb.simulator.scipyode - DEBUG - [model_files.nerm_pvals_inits] Equation mode set to "cython"
2022-01-13 14:17:16.060 - pysb.simulator.scipyode - INFO - [model_files.nerm_pvals_inits] Simulation(s) started
2022-01-13 14:17:16.103 - pysb.simulator.scipyode - DEBUG - [model_files.nerm_pvals_inits] Single processor (serial) mode
2022-01-13 14:17:16.158 - pysb.simulator.scipyode - INFO - [model_files.nerm_pvals_inits] All simulation(s) complete
2022-01-13 14:17:16.158 - pysb.simulator.scipyode - DEBUG - [model_files.nerm_pvals_inits] SimulationResult constructor started
2022-01-13 14:17:16.193 - pysb.simulator.scipyode - DEBUG - [model_files.nerm_pvals_inits] SimulationResult constructor finished
2022-01-13 14:17:16.195 - pysb.simulator.scipyode - INFO - [model_files.nerm_pvals_inits] Simulation(s) started
2022-01-13 14:17:16.337 - pysb.simulator.scipyode - DEBUG - [model_files.nerm_pvals_inits] Multi-processor (parallel) mode using 20 processes
2022-01-13 14:19:13.547 - pysb.simulator.scipyode - INFO - [model_files.nerm_pvals_inits] All simulation(s) complete
2022-01-13 14:19:13.548 - pysb.simulator.scipyode - DEBUG - [model_files.nerm_pvals_inits] SimulationResult constructor started
2022-01-13 14:19:14.504 - pysb.simulator.scipyode - DEBUG - [model_files.nerm_pvals_inits] SimulationResult constructor finished
2022-01-13 22:35:39.049 - pysb - INFO - Logging started on PySB version 1.11.0
2022-01-13 22:35:39.051 - pysb - INFO - Log entry time offset from UTC: -6.00 hours
2022-01-13 22:35:44.362 - pysb.simulator.scipyode - INFO - [model_files.nerm_pvals_inits] Simulation(s) started
2022-01-13 22:35:44.518 - pysb.simulator.scipyode - INFO - [model_files.nerm_pvals_inits] All simulation(s) complete
2022-01-13 22:35:44.565 - pysb.simulator.scipyode - INFO - [model_files.nerm_pvals_inits] Simulation(s) started
2022-01-14 00:34:54.367 - pysb.simulator.scipyode - INFO - [model_files.nerm_pvals_inits] All simulation(s) complete
2022-01-14 13:01:08.061 - pysb - INFO - Logging started on PySB version 1.11.0
2022-01-14 13:01:08.063 - pysb - INFO - Log entry time offset from UTC: -6.00 hours
2022-01-14 13:01:08.074 - pysb.simulator.scipyode - DEBUG - [model_files.nerm_pvals] Simulator created
2022-01-14 13:01:08.084 - pysb.simulator.scipyode - DEBUG - [model_files.nerm_pvals] Equation mode set to "cython"
2022-01-14 13:01:12.253 - pysb.simulator.scipyode - INFO - [model_files.nerm_pvals] Simulation(s) started
2022-01-14 13:01:12.298 - pysb.simulator.scipyode - DEBUG - [model_files.nerm_pvals] Single processor (serial) mode
2022-01-14 13:01:12.353 - pysb.simulator.scipyode - INFO - [model_files.nerm_pvals] All simulation(s) complete
2022-01-14 13:01:12.354 - pysb.simulator.scipyode - DEBUG - [model_files.nerm_pvals] SimulationResult constructor started
2022-01-14 13:01:12.390 - pysb.simulator.scipyode - DEBUG - [model_files.nerm_pvals] SimulationResult constructor finished
2022-01-14 13:01:12.391 - pysb.simulator.scipyode - INFO - [model_files.nerm_pvals] Simulation(s) started
2022-01-14 13:01:13.480 - pysb.simulator.scipyode - DEBUG - [model_files.nerm_pvals] Multi-processor (parallel) mode using 20 processes
2022-01-14 14:52:21.763 - pysb.simulator.scipyode - INFO - [model_files.nerm_pvals] All simulation(s) complete
2022-01-14 14:52:21.765 - pysb.simulator.scipyode - DEBUG - [model_files.nerm_pvals] SimulationResult constructor started
2022-01-14 14:52:29.957 - pysb.simulator.scipyode - DEBUG - [model_files.nerm_pvals] SimulationResult constructor finished
